mode: atomic
github.com/ZanzyTHEbar/cursor-rules/internal/config/config.go:18.50,20.19 2 0
github.com/ZanzyTHEbar/cursor-rules/internal/config/config.go:20.19,22.3 1 0
github.com/ZanzyTHEbar/cursor-rules/internal/config/config.go:22.8,27.3 4 0
github.com/ZanzyTHEbar/cursor-rules/internal/config/config.go:30.2,35.41 5 0
github.com/ZanzyTHEbar/cursor-rules/internal/config/config.go:35.41,43.3 1 0
github.com/ZanzyTHEbar/cursor-rules/internal/config/config.go:45.2,51.17 2 0
github.com/ZanzyTHEbar/cursor-rules/cmd/cursor-rules/effective.go:14.54,16.15 2 0
github.com/ZanzyTHEbar/cursor-rules/cmd/cursor-rules/effective.go:16.15,18.4 1 0
github.com/ZanzyTHEbar/cursor-rules/cmd/cursor-rules/effective.go:19.3,20.17 2 0
github.com/ZanzyTHEbar/cursor-rules/cmd/cursor-rules/effective.go:20.17,22.4 1 0
github.com/ZanzyTHEbar/cursor-rules/cmd/cursor-rules/effective.go:23.3,24.13 2 0
github.com/ZanzyTHEbar/cursor-rules/cmd/cursor-rules/effective.go:28.13,30.2 1 0
github.com/ZanzyTHEbar/cursor-rules/cmd/cursor-rules/install.go:15.54,18.17 3 0
github.com/ZanzyTHEbar/cursor-rules/cmd/cursor-rules/install.go:18.17,20.4 1 0
github.com/ZanzyTHEbar/cursor-rules/cmd/cursor-rules/install.go:21.3,21.15 1 0
github.com/ZanzyTHEbar/cursor-rules/cmd/cursor-rules/install.go:21.15,23.4 1 0
github.com/ZanzyTHEbar/cursor-rules/cmd/cursor-rules/install.go:24.3,24.56 1 0
github.com/ZanzyTHEbar/cursor-rules/cmd/cursor-rules/install.go:24.56,26.4 1 0
github.com/ZanzyTHEbar/cursor-rules/cmd/cursor-rules/install.go:27.3,28.13 2 0
github.com/ZanzyTHEbar/cursor-rules/cmd/cursor-rules/install.go:32.13,34.2 1 0
github.com/ZanzyTHEbar/cursor-rules/cmd/cursor-rules/list.go:13.54,16.17 3 0
github.com/ZanzyTHEbar/cursor-rules/cmd/cursor-rules/list.go:16.17,18.4 1 0
github.com/ZanzyTHEbar/cursor-rules/cmd/cursor-rules/list.go:19.3,19.29 1 0
github.com/ZanzyTHEbar/cursor-rules/cmd/cursor-rules/list.go:19.29,21.4 1 0
github.com/ZanzyTHEbar/cursor-rules/cmd/cursor-rules/list.go:22.3,22.13 1 0
github.com/ZanzyTHEbar/cursor-rules/cmd/cursor-rules/list.go:26.13,28.2 1 0
github.com/ZanzyTHEbar/cursor-rules/cmd/cursor-rules/main.go:3.13,5.2 1 0
github.com/ZanzyTHEbar/cursor-rules/cmd/cursor-rules/policy.go:18.54,21.17 3 0
github.com/ZanzyTHEbar/cursor-rules/cmd/cursor-rules/policy.go:21.17,23.4 1 0
github.com/ZanzyTHEbar/cursor-rules/cmd/cursor-rules/policy.go:24.3,29.29 6 0
github.com/ZanzyTHEbar/cursor-rules/cmd/cursor-rules/policy.go:29.29,31.4 1 0
github.com/ZanzyTHEbar/cursor-rules/cmd/cursor-rules/policy.go:32.3,32.13 1 0
github.com/ZanzyTHEbar/cursor-rules/cmd/cursor-rules/policy.go:36.13,39.2 2 0
github.com/ZanzyTHEbar/cursor-rules/cmd/cursor-rules/remove.go:15.54,18.17 3 0
github.com/ZanzyTHEbar/cursor-rules/cmd/cursor-rules/remove.go:18.17,20.4 1 0
github.com/ZanzyTHEbar/cursor-rules/cmd/cursor-rules/remove.go:21.3,21.15 1 0
github.com/ZanzyTHEbar/cursor-rules/cmd/cursor-rules/remove.go:21.15,23.4 1 0
github.com/ZanzyTHEbar/cursor-rules/cmd/cursor-rules/remove.go:24.3,24.55 1 0
github.com/ZanzyTHEbar/cursor-rules/cmd/cursor-rules/remove.go:24.55,26.4 1 0
github.com/ZanzyTHEbar/cursor-rules/cmd/cursor-rules/remove.go:27.3,28.13 2 0
github.com/ZanzyTHEbar/cursor-rules/cmd/cursor-rules/remove.go:32.13,34.2 1 0
github.com/ZanzyTHEbar/cursor-rules/cmd/cursor-rules/root.go:20.16,21.42 1 0
github.com/ZanzyTHEbar/cursor-rules/cmd/cursor-rules/root.go:21.42,24.3 2 0
github.com/ZanzyTHEbar/cursor-rules/cmd/cursor-rules/root.go:27.13,31.2 3 0
github.com/ZanzyTHEbar/cursor-rules/cmd/cursor-rules/root.go:33.19,36.16 2 0
github.com/ZanzyTHEbar/cursor-rules/cmd/cursor-rules/root.go:36.16,39.3 2 0
github.com/ZanzyTHEbar/cursor-rules/cmd/cursor-rules/root.go:40.2,40.15 1 0
github.com/ZanzyTHEbar/cursor-rules/cmd/cursor-rules/root.go:40.15,41.73 1 0
github.com/ZanzyTHEbar/cursor-rules/cmd/cursor-rules/root.go:41.73,43.4 1 0
github.com/ZanzyTHEbar/cursor-rules/cmd/cursor-rules/root.go:43.9,45.4 1 0
github.com/ZanzyTHEbar/cursor-rules/cmd/cursor-rules/sync.go:19.54,22.53 2 0
github.com/ZanzyTHEbar/cursor-rules/cmd/cursor-rules/sync.go:22.53,24.4 1 0
github.com/ZanzyTHEbar/cursor-rules/cmd/cursor-rules/sync.go:25.3,26.17 2 0
github.com/ZanzyTHEbar/cursor-rules/cmd/cursor-rules/sync.go:26.17,28.4 1 0
github.com/ZanzyTHEbar/cursor-rules/cmd/cursor-rules/sync.go:29.3,30.29 2 0
github.com/ZanzyTHEbar/cursor-rules/cmd/cursor-rules/sync.go:30.29,32.4 1 0
github.com/ZanzyTHEbar/cursor-rules/cmd/cursor-rules/sync.go:35.3,36.28 2 0
github.com/ZanzyTHEbar/cursor-rules/cmd/cursor-rules/sync.go:36.28,40.42 3 0
github.com/ZanzyTHEbar/cursor-rules/cmd/cursor-rules/sync.go:40.42,42.5 1 0
github.com/ZanzyTHEbar/cursor-rules/cmd/cursor-rules/sync.go:42.10,44.31 1 0
github.com/ZanzyTHEbar/cursor-rules/cmd/cursor-rules/sync.go:44.31,47.6 2 0
github.com/ZanzyTHEbar/cursor-rules/cmd/cursor-rules/sync.go:49.4,49.33 1 0
github.com/ZanzyTHEbar/cursor-rules/cmd/cursor-rules/sync.go:49.33,50.19 1 0
github.com/ZanzyTHEbar/cursor-rules/cmd/cursor-rules/sync.go:50.19,52.14 2 0
github.com/ZanzyTHEbar/cursor-rules/cmd/cursor-rules/sync.go:54.5,54.71 1 0
github.com/ZanzyTHEbar/cursor-rules/cmd/cursor-rules/sync.go:54.71,56.6 1 0
github.com/ZanzyTHEbar/cursor-rules/cmd/cursor-rules/sync.go:56.11,58.6 1 0
github.com/ZanzyTHEbar/cursor-rules/cmd/cursor-rules/sync.go:61.3,61.13 1 0
github.com/ZanzyTHEbar/cursor-rules/cmd/cursor-rules/sync.go:65.13,69.2 3 0
github.com/ZanzyTHEbar/cursor-rules/internal/core/apply.go:13.72,16.40 2 4
github.com/ZanzyTHEbar/cursor-rules/internal/core/apply.go:16.40,18.3 1 0
github.com/ZanzyTHEbar/cursor-rules/internal/core/apply.go:19.2,20.53 2 4
github.com/ZanzyTHEbar/cursor-rules/internal/core/apply.go:20.53,22.3 1 0
github.com/ZanzyTHEbar/cursor-rules/internal/core/apply.go:23.2,24.41 2 4
github.com/ZanzyTHEbar/cursor-rules/internal/core/apply.go:24.41,27.3 1 1
github.com/ZanzyTHEbar/cursor-rules/internal/core/apply.go:29.2,29.83 1 3
github.com/ZanzyTHEbar/cursor-rules/internal/core/apply.go:29.83,31.3 1 1
github.com/ZanzyTHEbar/cursor-rules/internal/core/apply.go:33.2,34.16 2 2
github.com/ZanzyTHEbar/cursor-rules/internal/core/apply.go:34.16,36.3 1 0
github.com/ZanzyTHEbar/cursor-rules/internal/core/apply.go:37.2,39.16 3 2
github.com/ZanzyTHEbar/cursor-rules/internal/core/apply.go:39.16,41.3 1 0
github.com/ZanzyTHEbar/cursor-rules/internal/core/apply.go:42.2,42.12 1 2
github.com/ZanzyTHEbar/cursor-rules/internal/core/gnustow.go:13.24,16.2 2 4
github.com/ZanzyTHEbar/cursor-rules/internal/core/gnustow.go:19.21,20.49 1 0
github.com/ZanzyTHEbar/cursor-rules/internal/core/gnustow.go:20.49,22.3 1 0
github.com/ZanzyTHEbar/cursor-rules/internal/core/gnustow.go:23.2,23.14 1 0
github.com/ZanzyTHEbar/cursor-rules/internal/core/gnustow.go:29.44,31.40 1 1
github.com/ZanzyTHEbar/cursor-rules/internal/core/gnustow.go:31.40,33.3 1 0
github.com/ZanzyTHEbar/cursor-rules/internal/core/gnustow.go:35.2,35.63 1 1
github.com/ZanzyTHEbar/cursor-rules/internal/core/gnustow.go:35.63,37.3 1 0
github.com/ZanzyTHEbar/cursor-rules/internal/core/gnustow.go:40.2,40.45 1 1
github.com/ZanzyTHEbar/cursor-rules/internal/core/gnustow.go:40.45,41.38 1 0
github.com/ZanzyTHEbar/cursor-rules/internal/core/gnustow.go:41.38,43.36 2 0
github.com/ZanzyTHEbar/cursor-rules/internal/core/gnustow.go:43.36,46.5 1 0
github.com/ZanzyTHEbar/cursor-rules/internal/core/gnustow.go:48.4,48.23 1 0
github.com/ZanzyTHEbar/cursor-rules/internal/core/gnustow.go:49.9,52.4 1 0
github.com/ZanzyTHEbar/cursor-rules/internal/core/gnustow.go:55.2,55.46 1 1
github.com/ZanzyTHEbar/cursor-rules/internal/core/gnustow.go:55.46,57.3 1 0
github.com/ZanzyTHEbar/cursor-rules/internal/core/gnustow.go:58.2,58.12 1 1
github.com/ZanzyTHEbar/cursor-rules/internal/core/gnustow.go:64.82,71.80 3 1
github.com/ZanzyTHEbar/cursor-rules/internal/core/gnustow.go:71.80,74.54 2 0
github.com/ZanzyTHEbar/cursor-rules/internal/core/gnustow.go:74.54,77.4 1 0
github.com/ZanzyTHEbar/cursor-rules/internal/core/gnustow.go:77.9,79.4 1 0
github.com/ZanzyTHEbar/cursor-rules/internal/core/gnustow.go:83.2,83.18 1 1
github.com/ZanzyTHEbar/cursor-rules/internal/core/gnustow.go:83.18,84.50 1 1
github.com/ZanzyTHEbar/cursor-rules/internal/core/gnustow.go:84.50,86.4 1 0
github.com/ZanzyTHEbar/cursor-rules/internal/core/gnustow.go:87.3,87.13 1 1
github.com/ZanzyTHEbar/cursor-rules/internal/core/gnustow.go:91.2,92.16 2 0
github.com/ZanzyTHEbar/cursor-rules/internal/core/gnustow.go:92.16,94.3 1 0
github.com/ZanzyTHEbar/cursor-rules/internal/core/gnustow.go:95.2,97.16 3 0
github.com/ZanzyTHEbar/cursor-rules/internal/core/gnustow.go:97.16,99.3 1 0
github.com/ZanzyTHEbar/cursor-rules/internal/core/gnustow.go:100.2,100.12 1 0
github.com/ZanzyTHEbar/cursor-rules/internal/core/mapping.go:14.72,16.56 2 0
github.com/ZanzyTHEbar/cursor-rules/internal/core/mapping.go:16.56,18.3 1 0
github.com/ZanzyTHEbar/cursor-rules/internal/core/mapping.go:19.2,20.16 2 0
github.com/ZanzyTHEbar/cursor-rules/internal/core/mapping.go:20.16,22.3 1 0
github.com/ZanzyTHEbar/cursor-rules/internal/core/mapping.go:28.2,31.48 2 0
github.com/ZanzyTHEbar/cursor-rules/internal/core/mapping.go:31.48,33.3 1 0
github.com/ZanzyTHEbar/cursor-rules/internal/core/mapping.go:34.2,34.24 1 0
github.com/ZanzyTHEbar/cursor-rules/internal/core/mapping.go:34.24,36.3 1 0
github.com/ZanzyTHEbar/cursor-rules/internal/core/mapping.go:38.2,39.44 2 0
github.com/ZanzyTHEbar/cursor-rules/internal/core/mapping.go:39.44,40.30 1 0
github.com/ZanzyTHEbar/cursor-rules/internal/core/mapping.go:40.30,41.26 1 0
github.com/ZanzyTHEbar/cursor-rules/internal/core/mapping.go:41.26,43.5 1 0
github.com/ZanzyTHEbar/cursor-rules/internal/core/mapping.go:44.4,44.66 1 0
github.com/ZanzyTHEbar/cursor-rules/internal/core/mapping.go:47.2,47.22 1 0
github.com/ZanzyTHEbar/cursor-rules/internal/core/presets.go:19.54,22.48 3 1
github.com/ZanzyTHEbar/cursor-rules/internal/core/presets.go:22.48,24.3 1 0
github.com/ZanzyTHEbar/cursor-rules/internal/core/presets.go:26.2,27.53 2 1
github.com/ZanzyTHEbar/cursor-rules/internal/core/presets.go:27.53,29.3 1 0
github.com/ZanzyTHEbar/cursor-rules/internal/core/presets.go:31.2,33.16 3 1
github.com/ZanzyTHEbar/cursor-rules/internal/core/presets.go:33.16,35.3 1 0
github.com/ZanzyTHEbar/cursor-rules/internal/core/presets.go:36.2,43.43 4 1
github.com/ZanzyTHEbar/cursor-rules/internal/core/presets.go:43.43,45.3 1 0
github.com/ZanzyTHEbar/cursor-rules/internal/core/presets.go:46.2,46.12 1 1
github.com/ZanzyTHEbar/cursor-rules/internal/core/presets.go:50.32,51.49 1 1
github.com/ZanzyTHEbar/cursor-rules/internal/core/presets.go:51.49,53.3 1 1
github.com/ZanzyTHEbar/cursor-rules/internal/core/presets.go:54.2,55.45 2 0
github.com/ZanzyTHEbar/cursor-rules/internal/core/project.go:12.53,14.32 1 0
github.com/ZanzyTHEbar/cursor-rules/internal/core/project.go:14.32,17.3 2 0
github.com/ZanzyTHEbar/cursor-rules/internal/core/project.go:20.2,20.115 1 0
github.com/ZanzyTHEbar/cursor-rules/internal/core/project.go:20.115,22.3 1 0
github.com/ZanzyTHEbar/cursor-rules/internal/core/project.go:25.2,25.22 1 0
github.com/ZanzyTHEbar/cursor-rules/internal/core/project.go:25.22,27.3 1 0
github.com/ZanzyTHEbar/cursor-rules/internal/core/project.go:29.2,29.60 1 0
github.com/ZanzyTHEbar/cursor-rules/internal/core/project.go:29.60,31.3 1 0
github.com/ZanzyTHEbar/cursor-rules/internal/core/project.go:33.2,33.26 1 0
github.com/ZanzyTHEbar/cursor-rules/internal/core/project.go:33.26,35.3 1 0
github.com/ZanzyTHEbar/cursor-rules/internal/core/project.go:38.2,38.137 1 0
github.com/ZanzyTHEbar/cursor-rules/internal/core/project.go:38.137,41.45 2 0
github.com/ZanzyTHEbar/cursor-rules/internal/core/project.go:41.45,43.18 2 0
github.com/ZanzyTHEbar/cursor-rules/internal/core/project.go:43.18,44.103 1 0
github.com/ZanzyTHEbar/cursor-rules/internal/core/project.go:44.103,46.6 1 0
github.com/ZanzyTHEbar/cursor-rules/internal/core/project.go:49.3,49.21 1 0
github.com/ZanzyTHEbar/cursor-rules/internal/core/project.go:53.2,53.24 1 0
github.com/ZanzyTHEbar/cursor-rules/internal/core/project.go:53.24,55.3 1 0
github.com/ZanzyTHEbar/cursor-rules/internal/core/project.go:57.2,57.23 1 0
github.com/ZanzyTHEbar/cursor-rules/internal/core/project.go:62.57,64.53 2 1
github.com/ZanzyTHEbar/cursor-rules/internal/core/project.go:64.53,66.3 1 0
github.com/ZanzyTHEbar/cursor-rules/internal/core/project.go:67.2,68.86 2 1
github.com/ZanzyTHEbar/cursor-rules/internal/core/project.go:68.86,69.17 1 2
github.com/ZanzyTHEbar/cursor-rules/internal/core/project.go:69.17,71.4 1 0
github.com/ZanzyTHEbar/cursor-rules/internal/core/project.go:72.3,72.19 1 2
github.com/ZanzyTHEbar/cursor-rules/internal/core/project.go:72.19,74.4 1 1
github.com/ZanzyTHEbar/cursor-rules/internal/core/project.go:75.3,76.21 2 1
github.com/ZanzyTHEbar/cursor-rules/internal/core/project.go:76.21,78.4 1 0
github.com/ZanzyTHEbar/cursor-rules/internal/core/project.go:79.3,80.13 2 1
github.com/ZanzyTHEbar/cursor-rules/internal/core/project.go:82.2,82.16 1 1
github.com/ZanzyTHEbar/cursor-rules/internal/core/project.go:82.16,84.3 1 0
github.com/ZanzyTHEbar/cursor-rules/internal/core/project.go:85.2,85.17 1 1
github.com/ZanzyTHEbar/cursor-rules/internal/core/remove.go:10.53,13.51 3 2
github.com/ZanzyTHEbar/cursor-rules/internal/core/remove.go:13.51,15.3 1 0
github.com/ZanzyTHEbar/cursor-rules/internal/core/remove.go:16.2,16.42 1 2
github.com/ZanzyTHEbar/cursor-rules/internal/core/remove.go:16.42,18.3 1 0
github.com/ZanzyTHEbar/cursor-rules/internal/core/remove.go:19.2,19.12 1 2
github.com/ZanzyTHEbar/cursor-rules/internal/core/sync.go:12.60,15.16 3 1
github.com/ZanzyTHEbar/cursor-rules/internal/core/sync.go:15.16,17.3 1 0
github.com/ZanzyTHEbar/cursor-rules/internal/core/sync.go:18.2,18.28 1 1
github.com/ZanzyTHEbar/cursor-rules/internal/core/sync.go:18.28,19.16 1 1
github.com/ZanzyTHEbar/cursor-rules/internal/core/sync.go:19.16,20.12 1 0
github.com/ZanzyTHEbar/cursor-rules/internal/core/sync.go:22.3,22.39 1 1
github.com/ZanzyTHEbar/cursor-rules/internal/core/sync.go:22.39,24.4 1 1
github.com/ZanzyTHEbar/cursor-rules/internal/core/sync.go:26.2,26.17 1 1
github.com/ZanzyTHEbar/cursor-rules/internal/core/sync.go:31.45,33.43 2 0
github.com/ZanzyTHEbar/cursor-rules/internal/core/sync.go:33.43,36.3 1 0
github.com/ZanzyTHEbar/cursor-rules/internal/core/sync.go:37.2,39.16 3 0
github.com/ZanzyTHEbar/cursor-rules/internal/core/sync.go:39.16,41.3 1 0
github.com/ZanzyTHEbar/cursor-rules/internal/core/sync.go:42.2,42.12 1 0
github.com/ZanzyTHEbar/cursor-rules/internal/core/watcher.go:12.59,14.16 2 0
github.com/ZanzyTHEbar/cursor-rules/internal/core/watcher.go:14.16,16.3 1 0
github.com/ZanzyTHEbar/cursor-rules/internal/core/watcher.go:18.2,18.12 1 0
github.com/ZanzyTHEbar/cursor-rules/internal/core/watcher.go:18.12,20.7 2 0
github.com/ZanzyTHEbar/cursor-rules/internal/core/watcher.go:20.7,21.11 1 0
github.com/ZanzyTHEbar/cursor-rules/internal/core/watcher.go:22.36,23.12 1 0
github.com/ZanzyTHEbar/cursor-rules/internal/core/watcher.go:23.12,25.6 1 0
github.com/ZanzyTHEbar/cursor-rules/internal/core/watcher.go:27.5,27.91 1 0
github.com/ZanzyTHEbar/cursor-rules/internal/core/watcher.go:27.91,29.19 2 0
github.com/ZanzyTHEbar/cursor-rules/internal/core/watcher.go:29.19,33.21 3 0
github.com/ZanzyTHEbar/cursor-rules/internal/core/watcher.go:33.21,35.16 2 0
github.com/ZanzyTHEbar/cursor-rules/internal/core/watcher.go:37.7,38.33 2 0
github.com/ZanzyTHEbar/cursor-rules/internal/core/watcher.go:38.33,41.26 3 0
github.com/ZanzyTHEbar/cursor-rules/internal/core/watcher.go:41.26,42.46 1 0
github.com/ZanzyTHEbar/cursor-rules/internal/core/watcher.go:42.46,43.40 1 0
github.com/ZanzyTHEbar/cursor-rules/internal/core/watcher.go:43.40,44.77 1 0
github.com/ZanzyTHEbar/cursor-rules/internal/core/watcher.go:44.77,46.12 1 0
github.com/ZanzyTHEbar/cursor-rules/internal/core/watcher.go:46.17,48.12 1 0
github.com/ZanzyTHEbar/cursor-rules/internal/core/watcher.go:50.15,52.10 1 0
github.com/ZanzyTHEbar/cursor-rules/internal/core/watcher.go:53.14,55.9 1 0
github.com/ZanzyTHEbar/cursor-rules/internal/core/watcher.go:59.37,60.12 1 0
github.com/ZanzyTHEbar/cursor-rules/internal/core/watcher.go:60.12,62.6 1 0
github.com/ZanzyTHEbar/cursor-rules/internal/core/watcher.go:63.5,63.43 1 0
github.com/ZanzyTHEbar/cursor-rules/internal/core/watcher.go:69.2,69.47 1 0
github.com/ZanzyTHEbar/cursor-rules/internal/core/watcher.go:69.47,71.3 1 0
github.com/ZanzyTHEbar/cursor-rules/internal/core/watcher.go:72.2,72.12 1 0
